<?xml version="1.0" encoding="UTF-8"?>
<!-- Generated by org.testng.reporters.JUnitReportReporter -->
<testsuite skipped="0" hostname="Dell-PC" name="Android.SimpleAndroidCalcTest" tests="1" failures="0" timestamp="12 May 2017 16:16:56 GMT" time="9.277" errors="0">
  <testcase name="Sum" time="9.277" classname="Android.SimpleAndroidCalcTest"/>
</testsuite> <!-- Android.SimpleAndroidCalcTest -->
